<?xml version="1.0" encoding="UTF-8"?>
<testng-results ignored="0" total="8" passed="8" failed="0" skipped="0">
  <reporter-output>
  </reporter-output>
  <suite started-at="2022-09-20T14:32:32 IST" name="Suite" finished-at="2022-09-20T14:32:46 IST" duration-ms="14783">
    <groups>
    </groups>
    <test started-at="2022-09-20T14:32:32 IST" name="Test on Chrome" finished-at="2022-09-20T14:32:46 IST" duration-ms="14077">
      <class name="com.nagarro.qa.testcases.LaunchPageTest">
        <test-method is-config="true" signature="setup(java.lang.String)[pri:0, instance:com.nagarro.qa.testcases.LaunchPageTest@55634720]" started-at="2022-09-20T14:32:32 IST" name="setup" finished-at="2022-09-20T14:32:36 IST" duration-ms="4518" status="PASS">
          <params>
            <param index="0">
              <value>
                <![CDATA[Chrome]]>
              </value>
            </param>
          </params>
          <reporter-output>
          </reporter-output>
        </test-method> <!-- setup -->
        <test-method is-config="true" signature="pre_requisite()[pri:0, instance:com.nagarro.qa.testcases.LaunchPageTest@55634720]" started-at="2022-09-20T14:32:36 IST" name="pre_requisite" finished-at="2022-09-20T14:32:36 IST" duration-ms="31" status="PASS">
          <reporter-output>
          </reporter-output>
        </test-method> <!-- pre_requisite -->
        <test-method signature="launchNagarroPageValidation()[pri:1, instance:com.nagarro.qa.testcases.LaunchPageTest@55634720]" started-at="2022-09-20T14:32:36 IST" name="launchNagarroPageValidation" description="Nagarro Launch Page Validation" finished-at="2022-09-20T14:32:36 IST" duration-ms="158" status="PASS">
          <reporter-output>
          </reporter-output>
        </test-method> <!-- launchNagarroPageValidation -->
        <test-method is-config="true" signature="pre_requisite()[pri:0, instance:com.nagarro.qa.testcases.LaunchPageTest@55634720]" started-at="2022-09-20T14:32:37 IST" name="pre_requisite" finished-at="2022-09-20T14:32:37 IST" duration-ms="0" status="PASS">
          <reporter-output>
          </reporter-output>
        </test-method> <!-- pre_requisite -->
        <test-method signature="pageLableValidation()[pri:2, instance:com.nagarro.qa.testcases.LaunchPageTest@55634720]" started-at="2022-09-20T14:32:37 IST" name="pageLableValidation" description="Nagarro Sap Services label Validation" finished-at="2022-09-20T14:32:37 IST" duration-ms="71" status="PASS">
          <reporter-output>
          </reporter-output>
        </test-method> <!-- pageLableValidation -->
        <test-method signature="aboutUsButtonClick()[pri:3, instance:com.nagarro.qa.testcases.LaunchPageTest@55634720]" started-at="2022-09-20T14:32:37 IST" name="aboutUsButtonClick" description="Click on about us button " finished-at="2022-09-20T14:32:43 IST" duration-ms="6155" status="PASS">
          <reporter-output>
          </reporter-output>
        </test-method> <!-- aboutUsButtonClick -->
        <test-method is-config="true" signature="pre_requisite()[pri:0, instance:com.nagarro.qa.testcases.LaunchPageTest@55634720]" started-at="2022-09-20T14:32:37 IST" name="pre_requisite" finished-at="2022-09-20T14:32:37 IST" duration-ms="0" status="PASS">
          <reporter-output>
          </reporter-output>
        </test-method> <!-- pre_requisite -->
        <test-method is-config="true" signature="pre_requisite()[pri:0, instance:com.nagarro.qa.testcases.LaunchPageTest@55634720]" started-at="2022-09-20T14:32:44 IST" name="pre_requisite" finished-at="2022-09-20T14:32:44 IST" duration-ms="0" status="PASS">
          <reporter-output>
          </reporter-output>
        </test-method> <!-- pre_requisite -->
        <test-method signature="NagarroAboutUsPageValidation()[pri:4, instance:com.nagarro.qa.testcases.LaunchPageTest@55634720]" started-at="2022-09-20T14:32:44 IST" name="NagarroAboutUsPageValidation" description="Nagarro About US Page Validation" finished-at="2022-09-20T14:32:44 IST" duration-ms="72" status="PASS">
          <reporter-output>
          </reporter-output>
        </test-method> <!-- NagarroAboutUsPageValidation -->
        <test-method is-config="true" signature="tear_drown()[pri:0, instance:com.nagarro.qa.testcases.LaunchPageTest@55634720]" started-at="2022-09-20T14:32:44 IST" name="tear_drown" finished-at="2022-09-20T14:32:46 IST" duration-ms="1226" status="PASS">
          <reporter-output>
          </reporter-output>
        </test-method> <!-- tear_drown -->
      </class> <!-- com.nagarro.qa.testcases.LaunchPageTest -->
    </test> <!-- Test on Chrome -->
    <test started-at="2022-09-20T14:32:32 IST" name="Test on Edge" finished-at="2022-09-20T14:32:46 IST" duration-ms="14783">
      <class name="com.nagarro.qa.testcases.LaunchPageTest">
        <test-method is-config="true" signature="ExtentReportSetup()[pri:0, instance:com.nagarro.qa.testcases.LaunchPageTest@6c1a5b54]" started-at="2022-09-20T14:32:31 IST" name="ExtentReportSetup" finished-at="2022-09-20T14:32:32 IST" duration-ms="177" status="PASS">
          <reporter-output>
          </reporter-output>
        </test-method> <!-- ExtentReportSetup -->
        <test-method is-config="true" signature="setup(java.lang.String)[pri:0, instance:com.nagarro.qa.testcases.LaunchPageTest@6c1a5b54]" started-at="2022-09-20T14:32:32 IST" name="setup" finished-at="2022-09-20T14:32:37 IST" duration-ms="5689" status="PASS">
          <params>
            <param index="0">
              <value>
                <![CDATA[Edge]]>
              </value>
            </param>
          </params>
          <reporter-output>
          </reporter-output>
        </test-method> <!-- setup -->
        <test-method is-config="true" signature="pre_requisite()[pri:0, instance:com.nagarro.qa.testcases.LaunchPageTest@6c1a5b54]" started-at="2022-09-20T14:32:37 IST" name="pre_requisite" finished-at="2022-09-20T14:32:37 IST" duration-ms="2" status="PASS">
          <reporter-output>
          </reporter-output>
        </test-method> <!-- pre_requisite -->
        <test-method signature="launchNagarroPageValidation()[pri:1, instance:com.nagarro.qa.testcases.LaunchPageTest@6c1a5b54]" started-at="2022-09-20T14:32:37 IST" name="launchNagarroPageValidation" description="Nagarro Launch Page Validation" finished-at="2022-09-20T14:32:37 IST" duration-ms="123" status="PASS">
          <reporter-output>
          </reporter-output>
        </test-method> <!-- launchNagarroPageValidation -->
        <test-method is-config="true" signature="pre_requisite()[pri:0, instance:com.nagarro.qa.testcases.LaunchPageTest@6c1a5b54]" started-at="2022-09-20T14:32:38 IST" name="pre_requisite" finished-at="2022-09-20T14:32:38 IST" duration-ms="0" status="PASS">
          <reporter-output>
          </reporter-output>
        </test-method> <!-- pre_requisite -->
        <test-method signature="pageLableValidation()[pri:2, instance:com.nagarro.qa.testcases.LaunchPageTest@6c1a5b54]" started-at="2022-09-20T14:32:38 IST" name="pageLableValidation" description="Nagarro Sap Services label Validation" finished-at="2022-09-20T14:32:38 IST" duration-ms="62" status="PASS">
          <reporter-output>
          </reporter-output>
        </test-method> <!-- pageLableValidation -->
        <test-method is-config="true" signature="pre_requisite()[pri:0, instance:com.nagarro.qa.testcases.LaunchPageTest@6c1a5b54]" started-at="2022-09-20T14:32:38 IST" name="pre_requisite" finished-at="2022-09-20T14:32:38 IST" duration-ms="1" status="PASS">
          <reporter-output>
          </reporter-output>
        </test-method> <!-- pre_requisite -->
        <test-method signature="aboutUsButtonClick()[pri:3, instance:com.nagarro.qa.testcases.LaunchPageTest@6c1a5b54]" started-at="2022-09-20T14:32:38 IST" name="aboutUsButtonClick" description="Click on about us button " finished-at="2022-09-20T14:32:44 IST" duration-ms="6163" status="PASS">
          <reporter-output>
          </reporter-output>
        </test-method> <!-- aboutUsButtonClick -->
        <test-method is-config="true" signature="pre_requisite()[pri:0, instance:com.nagarro.qa.testcases.LaunchPageTest@6c1a5b54]" started-at="2022-09-20T14:32:45 IST" name="pre_requisite" finished-at="2022-09-20T14:32:45 IST" duration-ms="1" status="PASS">
          <reporter-output>
          </reporter-output>
        </test-method> <!-- pre_requisite -->
        <test-method signature="NagarroAboutUsPageValidation()[pri:4, instance:com.nagarro.qa.testcases.LaunchPageTest@6c1a5b54]" started-at="2022-09-20T14:32:45 IST" name="NagarroAboutUsPageValidation" description="Nagarro About US Page Validation" finished-at="2022-09-20T14:32:45 IST" duration-ms="55" status="PASS">
          <reporter-output>
          </reporter-output>
        </test-method> <!-- NagarroAboutUsPageValidation -->
        <test-method is-config="true" signature="tear_drown()[pri:0, instance:com.nagarro.qa.testcases.LaunchPageTest@6c1a5b54]" started-at="2022-09-20T14:32:46 IST" name="tear_drown" finished-at="2022-09-20T14:32:46 IST" duration-ms="770" status="PASS">
          <reporter-output>
          </reporter-output>
        </test-method> <!-- tear_drown -->
      </class> <!-- com.nagarro.qa.testcases.LaunchPageTest -->
    </test> <!-- Test on Edge -->
  </suite> <!-- Suite -->
</testng-results>
