<?xml version="1.0" encoding="UTF-8"?>
<testng-results ignored="0" total="4" passed="4" failed="0" skipped="0">
  <reporter-output>
  </reporter-output>
  <suite started-at="2022-10-21T12:07:57 IST" name="Suite" finished-at="2022-10-21T12:08:44 IST" duration-ms="47372">
    <groups>
    </groups>
    <test started-at="2022-10-21T12:07:57 IST" name="Test on Chrome" finished-at="2022-10-21T12:08:44 IST" duration-ms="47372">
      <class name="com.nagarro.qa.testcases.LaunchPageTest">
        <test-method is-config="true" signature="ExtentReportSetup()[pri:0, instance:com.nagarro.qa.testcases.LaunchPageTest@55634720]" started-at="2022-10-21T12:07:57 IST" name="ExtentReportSetup" finished-at="2022-10-21T12:07:57 IST" duration-ms="259" status="PASS">
          <reporter-output>
          </reporter-output>
        </test-method> <!-- ExtentReportSetup -->
        <test-method is-config="true" signature="setup(java.lang.String)[pri:0, instance:com.nagarro.qa.testcases.LaunchPageTest@55634720]" started-at="2022-10-21T12:07:57 IST" name="setup" finished-at="2022-10-21T12:08:31 IST" duration-ms="34219" status="PASS">
          <params>
            <param index="0">
              <value>
                <![CDATA[Chrome]]>
              </value>
            </param>
          </params>
          <reporter-output>
          </reporter-output>
        </test-method> <!-- setup -->
        <test-method is-config="true" signature="pre_requisite()[pri:0, instance:com.nagarro.qa.testcases.LaunchPageTest@55634720]" started-at="2022-10-21T12:08:31 IST" name="pre_requisite" finished-at="2022-10-21T12:08:31 IST" duration-ms="22" status="PASS">
          <reporter-output>
          </reporter-output>
        </test-method> <!-- pre_requisite -->
        <test-method signature="launchNagarroPageValidation()[pri:1, instance:com.nagarro.qa.testcases.LaunchPageTest@55634720]" started-at="2022-10-21T12:08:31 IST" name="launchNagarroPageValidation" description="Nagarro Launch Page Validation" finished-at="2022-10-21T12:08:31 IST" duration-ms="141" status="PASS">
          <reporter-output>
          </reporter-output>
        </test-method> <!-- launchNagarroPageValidation -->
        <test-method is-config="true" signature="pre_requisite()[pri:0, instance:com.nagarro.qa.testcases.LaunchPageTest@55634720]" started-at="2022-10-21T12:08:32 IST" name="pre_requisite" finished-at="2022-10-21T12:08:32 IST" duration-ms="8" status="PASS">
          <reporter-output>
          </reporter-output>
        </test-method> <!-- pre_requisite -->
        <test-method signature="pageLableValidation()[pri:2, instance:com.nagarro.qa.testcases.LaunchPageTest@55634720]" started-at="2022-10-21T12:08:32 IST" name="pageLableValidation" description="Nagarro Sap Services label Validation" finished-at="2022-10-21T12:08:32 IST" duration-ms="90" status="PASS">
          <reporter-output>
          </reporter-output>
        </test-method> <!-- pageLableValidation -->
        <test-method is-config="true" signature="pre_requisite()[pri:0, instance:com.nagarro.qa.testcases.LaunchPageTest@55634720]" started-at="2022-10-21T12:08:32 IST" name="pre_requisite" finished-at="2022-10-21T12:08:32 IST" duration-ms="1" status="PASS">
          <reporter-output>
          </reporter-output>
        </test-method> <!-- pre_requisite -->
        <test-method signature="aboutUsButtonClick()[pri:3, instance:com.nagarro.qa.testcases.LaunchPageTest@55634720]" started-at="2022-10-21T12:08:32 IST" name="aboutUsButtonClick" description="Click on about us button " finished-at="2022-10-21T12:08:41 IST" duration-ms="9128" status="PASS">
          <reporter-output>
          </reporter-output>
        </test-method> <!-- aboutUsButtonClick -->
        <test-method signature="NagarroAboutUsPageValidation()[pri:4, instance:com.nagarro.qa.testcases.LaunchPageTest@55634720]" started-at="2022-10-21T12:08:42 IST" name="NagarroAboutUsPageValidation" description="Nagarro About US Page Validation" finished-at="2022-10-21T12:08:42 IST" duration-ms="76" status="PASS">
          <reporter-output>
          </reporter-output>
        </test-method> <!-- NagarroAboutUsPageValidation -->
        <test-method is-config="true" signature="pre_requisite()[pri:0, instance:com.nagarro.qa.testcases.LaunchPageTest@55634720]" started-at="2022-10-21T12:08:42 IST" name="pre_requisite" finished-at="2022-10-21T12:08:42 IST" duration-ms="0" status="PASS">
          <reporter-output>
          </reporter-output>
        </test-method> <!-- pre_requisite -->
        <test-method is-config="true" signature="tear_drown()[pri:0, instance:com.nagarro.qa.testcases.LaunchPageTest@55634720]" started-at="2022-10-21T12:08:43 IST" name="tear_drown" finished-at="2022-10-21T12:08:44 IST" duration-ms="1549" status="PASS">
          <reporter-output>
          </reporter-output>
        </test-method> <!-- tear_drown -->
      </class> <!-- com.nagarro.qa.testcases.LaunchPageTest -->
    </test> <!-- Test on Chrome -->
  </suite> <!-- Suite -->
</testng-results>
